<?xml version="1.0" encoding="UTF-8"?>
<!-- Generated by org.testng.reporters.JUnitReportReporter -->
<testsuite hostname="RLP1900.local" failures="0" tests="1" name="tests.GetAndPostExample" time="4.479" errors="0" timestamp="2024-01-12T06:46:44 IST" skipped="0">
  <testcase classname="tests.GetAndPostExample" name="testPost" time="4.479"/>
  <system-out/>
</testsuite> <!-- tests.GetAndPostExample -->
