<?xml version="1.0" encoding="UTF-8"?>
<!-- Generated by org.testng.reporters.JUnitReportReporter -->
<testsuite hostname="RLP1900.local" failures="0" tests="3" name="tests.putPatchDeleteExample" time="5.792" errors="0" timestamp="2024-01-12T10:51:53 IST" skipped="0">
  <testcase classname="tests.putPatchDeleteExample" name="deleteTest" time="4.093"/>
  <system-out/>
  <testcase classname="tests.putPatchDeleteExample" name="testPut" time="0.659"/>
  <system-out/>
  <testcase classname="tests.putPatchDeleteExample" name="pathchTest" time="1.040"/>
  <system-out/>
</testsuite> <!-- tests.putPatchDeleteExample -->
