<?xml version="1.0" encoding="UTF-8"?>
<!-- Generated by org.testng.reporters.JUnitReportReporter -->
<testsuite hostname="RLP1900.local" failures="0" tests="1" name="tests.testOnLocalApi" time="3.172" errors="0" timestamp="2024-01-12T22:26:46 IST" skipped="0">
  <testcase classname="tests.testOnLocalApi" name="deleteTest" time="3.172"/>
  <system-out/>
</testsuite> <!-- tests.testOnLocalApi -->
